<?xml version="1.0" encoding="utf-8"?><testsuites><testsuite errors="0" failures="0" hostname="ruca.local" name="pytest" skipped="0" tests="92" time="5.770" timestamp="2020-08-14T07:20:05.242379"><testcase classname="tests.test_admin.DjangoRegistrationAdminTest" file="tests/test_admin.py" line="18" name="test_configuration_registry" time="0.103"></testcase><testcase classname="tests.test_admin.DjangoRegistrationAdminTest" file="tests/test_admin.py" line="14" name="test_mail_template_registry" time="0.003"></testcase><testcase classname="tests.test_admin.TestMailTemplateActionUnitTest" file="tests/test_admin.py" line="37" name="test_action_test_mail_template_exists_in_actions_select" time="0.003"></testcase><testcase classname="tests.test_admin.TestMailTemplateActionUnitTest" file="tests/test_admin.py" line="85" name="test_call_send_method_on_each_mail_template" time="0.005"></testcase><testcase classname="tests.test_admin.TestMailTemplateActionUnitTest" file="tests/test_admin.py" line="101" name="test_catch_exception_messagess_are_added_with_correct_parameters" time="0.005"></testcase><testcase classname="tests.test_admin.TestMailTemplateActionUnitTest" file="tests/test_admin.py" line="54" name="test_check_to_field_exist_for_each_selected_mail_template" time="0.005"></testcase><testcase classname="tests.test_admin.TestMailTemplateActionUnitTest" file="tests/test_admin.py" line="64" name="test_check_to_field_is_not_none_for_each_selected_mail_template" time="0.005"></testcase><testcase classname="tests.test_admin.TestMailTemplateActionUnitTest" file="tests/test_admin.py" line="72" name="test_messagess_are_added_with_correct_parameters" time="0.006"></testcase><testcase classname="tests.test_admin.TestMailTemplateActionUnitTest" file="tests/test_admin.py" line="93" name="test_method_catch_problems_when_sending_mail" time="0.006"></testcase><testcase classname="tests.test_admin.TestMailTemplateActionUnitTest" file="tests/test_admin.py" line="44" name="test_method_receive_two_parameter" time="0.004"></testcase><testcase classname="tests.test_admin.TestMailTemplateActionUnitTest" file="tests/test_admin.py" line="49" name="test_method_short_description" time="0.003"></testcase><testcase classname="tests.test_admin.TestMailTemplateActionUnitTest" file="tests/test_admin.py" line="41" name="test_method_test_mail_template_is_callable" time="0.003"></testcase><testcase classname="tests.test_admin.TestMailTemplateActionUnitTest" file="tests/test_admin.py" line="116" name="test_reports_all_messages_successfully_sent" time="0.006"></testcase><testcase classname="tests.test_admin.TestMailTemplateActionUnitTest" file="tests/test_admin.py" line="129" name="test_when_body_or_subject_are_with_errors" time="0.005"></testcase><testcase classname="tests.test_admin.TestMailTemplateActionUnitTest" file="tests/test_admin.py" line="151" name="test_when_body_or_subject_are_with_other_type_of_errors" time="0.007"></testcase><testcase classname="tests.test_app.DjangoMailTemplateConfigTest" file="tests/test_app.py" line="7" name="test_apps" time="0.003"></testcase><testcase classname="tests.test_functional.FunctionalDjangoMailTemplateTest" file="tests/test_functional.py" line="14" name="test_send_mail_to_people" time="5.020"></testcase><testcase classname="tests.test_models.TestMailTemplate" file="tests/test_models.py" line="142" name="test_bcc_field_do_validation" time="0.003"></testcase><testcase classname="tests.test_models.TestMailTemplate" file="tests/test_models.py" line="126" name="test_bcc_field_help_text" time="0.002"></testcase><testcase classname="tests.test_models.TestMailTemplate" file="tests/test_models.py" line="133" name="test_bcc_field_max_length" time="0.005"></testcase><testcase classname="tests.test_models.TestMailTemplate" file="tests/test_models.py" line="121" name="test_bcc_field_verbose_name" time="0.002"></testcase><testcase classname="tests.test_models.TestMailTemplate" file="tests/test_models.py" line="226" name="test_body_field_help_text" time="0.002"></testcase><testcase classname="tests.test_models.TestMailTemplate" file="tests/test_models.py" line="236" name="test_body_field_max_length" time="0.002"></testcase><testcase classname="tests.test_models.TestMailTemplate" file="tests/test_models.py" line="232" name="test_body_field_type" time="0.002"></testcase><testcase classname="tests.test_models.TestMailTemplate" file="tests/test_models.py" line="221" name="test_body_field_verbose_name" time="0.002"></testcase><testcase classname="tests.test_models.TestMailTemplate" file="tests/test_models.py" line="111" name="test_cc_field_do_validation" time="0.003"></testcase><testcase classname="tests.test_models.TestMailTemplate" file="tests/test_models.py" line="95" name="test_cc_field_help_text" time="0.003"></testcase><testcase classname="tests.test_models.TestMailTemplate" file="tests/test_models.py" line="102" name="test_cc_field_max_length" time="0.003"></testcase><testcase classname="tests.test_models.TestMailTemplate" file="tests/test_models.py" line="90" name="test_cc_field_verbose" time="0.002"></testcase><testcase classname="tests.test_models.TestMailTemplate" file="tests/test_models.py" line="244" name="test_description_field_type" time="0.002"></testcase><testcase classname="tests.test_models.TestMailTemplate" file="tests/test_models.py" line="252" name="test_description_help_test" time="0.002"></testcase><testcase classname="tests.test_models.TestMailTemplate" file="tests/test_models.py" line="248" name="test_description_verbose_name" time="0.004"></testcase><testcase classname="tests.test_models.TestMailTemplate" file="tests/test_models.py" line="165" name="test_from_email_field_help_text" time="0.002"></testcase><testcase classname="tests.test_models.TestMailTemplate" file="tests/test_models.py" line="152" name="test_from_email_field_max_length" time="0.003"></testcase><testcase classname="tests.test_models.TestMailTemplate" file="tests/test_models.py" line="160" name="test_from_email_field_verbose_name" time="0.002"></testcase><testcase classname="tests.test_models.TestMailTemplate" file="tests/test_models.py" line="19" name="test_mail_data_model" time="0.002"></testcase><testcase classname="tests.test_models.TestMailTemplate" file="tests/test_models.py" line="25" name="test_mail_string" time="0.002"></testcase><testcase classname="tests.test_models.TestMailTemplate" file="tests/test_models.py" line="33" name="test_mail_template_plural_name" time="0.004"></testcase><testcase classname="tests.test_models.TestMailTemplate" file="tests/test_models.py" line="29" name="test_mail_template_verbose_name" time="0.003"></testcase><testcase classname="tests.test_models.TestMailTemplate" file="tests/test_models.py" line="191" name="test_reply_to_do_validation" time="0.002"></testcase><testcase classname="tests.test_models.TestMailTemplate" file="tests/test_models.py" line="175" name="test_reply_to_field_help_text" time="0.002"></testcase><testcase classname="tests.test_models.TestMailTemplate" file="tests/test_models.py" line="182" name="test_reply_to_field_max_length" time="0.004"></testcase><testcase classname="tests.test_models.TestMailTemplate" file="tests/test_models.py" line="170" name="test_reply_to_field_verbose_name" time="0.003"></testcase><testcase classname="tests.test_models.TestMailTemplate" file="tests/test_models.py" line="22" name="test_required_fields" time="0.002"></testcase><testcase classname="tests.test_models.TestMailTemplate" file="tests/test_models.py" line="215" name="test_subject_field_help_text" time="0.002"></testcase><testcase classname="tests.test_models.TestMailTemplate" file="tests/test_models.py" line="201" name="test_subject_field_max_length" time="0.003"></testcase><testcase classname="tests.test_models.TestMailTemplate" file="tests/test_models.py" line="210" name="test_subject_field_verbose_name" time="0.006"></testcase><testcase classname="tests.test_models.TestMailTemplate" file="tests/test_models.py" line="54" name="test_title_field_help_text" time="0.003"></testcase><testcase classname="tests.test_models.TestMailTemplate" file="tests/test_models.py" line="41" name="test_title_field_max_length" time="0.002"></testcase><testcase classname="tests.test_models.TestMailTemplate" file="tests/test_models.py" line="37" name="test_title_field_type" time="0.002"></testcase><testcase classname="tests.test_models.TestMailTemplate" file="tests/test_models.py" line="50" name="test_title_verbose_name" time="0.002"></testcase><testcase classname="tests.test_models.TestMailTemplate" file="tests/test_models.py" line="80" name="test_to_field_do_validation" time="0.002"></testcase><testcase classname="tests.test_models.TestMailTemplate" file="tests/test_models.py" line="74" name="test_to_field_help_text" time="0.002"></testcase><testcase classname="tests.test_models.TestMailTemplate" file="tests/test_models.py" line="60" name="test_to_field_max_length" time="0.003"></testcase><testcase classname="tests.test_models.TestMailTemplate" file="tests/test_models.py" line="69" name="test_to_field_verbose_name" time="0.003"></testcase><testcase classname="tests.test_models.TestSendMailTemplate" file="tests/test_models.py" line="276" name="test_body_replace_context_variables" time="0.009"></testcase><testcase classname="tests.test_models.TestSendMailTemplate" file="tests/test_models.py" line="298" name="test_can_not_send_mail_without_required_attributes_valid_context" time="0.003"></testcase><testcase classname="tests.test_models.TestSendMailTemplate" file="tests/test_models.py" line="291" name="test_can_send_mail_without_context" time="0.003"></testcase><testcase classname="tests.test_models.TestSendMailTemplate" file="tests/test_models.py" line="284" name="test_replace_context_variables_was_called_twice" time="0.011"></testcase><testcase classname="tests.test_models.TestSendMailTemplate" file="tests/test_models.py" line="310" name="test_send_mail_convert_to_field" time="0.005"></testcase><testcase classname="tests.test_models.TestSendMailTemplate" file="tests/test_models.py" line="268" name="test_subject_replace_context_variables" time="0.009"></testcase><testcase classname="tests.test_models.TestConfiguration" file="tests/test_models.py" line="338" name="test_configuration_plural_name" time="0.003"></testcase><testcase classname="tests.test_models.TestConfiguration" file="tests/test_models.py" line="396" name="test_configuration_string_with_mail_template" time="0.003"></testcase><testcase classname="tests.test_models.TestConfiguration" file="tests/test_models.py" line="392" name="test_configuration_string_without_mail_template" time="0.002"></testcase><testcase classname="tests.test_models.TestConfiguration" file="tests/test_models.py" line="334" name="test_configuration_verbose_name" time="0.002"></testcase><testcase classname="tests.test_models.TestConfiguration" file="tests/test_models.py" line="407" name="test_description_field_type" time="0.002"></testcase><testcase classname="tests.test_models.TestConfiguration" file="tests/test_models.py" line="415" name="test_description_help_test" time="0.003"></testcase><testcase classname="tests.test_models.TestConfiguration" file="tests/test_models.py" line="411" name="test_description_verbose_name" time="0.002"></testcase><testcase classname="tests.test_models.TestConfiguration" file="tests/test_models.py" line="383" name="test_mail_template_field_help_text" time="0.002"></testcase><testcase classname="tests.test_models.TestConfiguration" file="tests/test_models.py" line="371" name="test_mail_template_field_type" time="0.002"></testcase><testcase classname="tests.test_models.TestConfiguration" file="tests/test_models.py" line="375" name="test_mail_template_filed_point_to_right_data_model" time="0.002"></testcase><testcase classname="tests.test_models.TestConfiguration" file="tests/test_models.py" line="379" name="test_mail_template_verbose_name" time="0.002"></testcase><testcase classname="tests.test_models.TestConfiguration" file="tests/test_models.py" line="345" name="test_model_type_for_configuration" time="0.002"></testcase><testcase classname="tests.test_models.TestConfiguration" file="tests/test_models.py" line="365" name="test_process_field_help_text" time="0.002"></testcase><testcase classname="tests.test_models.TestConfiguration" file="tests/test_models.py" line="352" name="test_process_field_max_length" time="0.002"></testcase><testcase classname="tests.test_models.TestConfiguration" file="tests/test_models.py" line="348" name="test_process_field_type" time="0.002"></testcase><testcase classname="tests.test_models.TestConfiguration" file="tests/test_models.py" line="361" name="test_process_verbose_name" time="0.002"></testcase><testcase classname="tests.test_models.TestConfiguration" file="tests/test_models.py" line="342" name="test_required_fields" time="0.004"></testcase><testcase classname="tests.test_models.TestConfigurationBehavior" file="tests/test_models.py" line="432" name="test_get_mail_template_return_correct_mail_template" time="0.005"></testcase><testcase classname="tests.test_models.TestConfigurationBehavior" file="tests/test_models.py" line="429" name="test_get_mail_template_return_none_without_mail_template" time="0.003"></testcase><testcase classname="tests.test_tools.TestReplaceContextVariable" file="tests/test_tools.py" line="21" name="test_first_parameter_must_be_string" time="0.002"></testcase><testcase classname="tests.test_tools.TestReplaceContextVariable" file="tests/test_tools.py" line="36" name="test_return_main_text_with_multiple_variables_replaced" time="0.002"></testcase><testcase classname="tests.test_tools.TestReplaceContextVariable" file="tests/test_tools.py" line="30" name="test_return_main_text_with_variables_replaced" time="0.003"></testcase><testcase classname="tests.test_tools.TestReplaceContextVariable" file="tests/test_tools.py" line="42" name="test_return_valid_value_without_all_variable_mapping" time="0.002"></testcase><testcase classname="tests.test_tools.TestReplaceContextVariable" file="tests/test_tools.py" line="48" name="test_return_valid_value_without_context_variable_in_text" time="0.002"></testcase><testcase classname="tests.test_tools.TestReplaceContextVariable" file="tests/test_tools.py" line="12" name="test_second_parameter_must_be_dictionary" time="0.002"></testcase><testcase classname="tests.test_tools.TestConvertToComaSeparatedList" file="tests/test_tools.py" line="69" name="test_receive_empty_list_return_empty_list" time="0.002"></testcase><testcase classname="tests.test_tools.TestConvertToComaSeparatedList" file="tests/test_tools.py" line="73" name="test_receive_empty_string_return_empty_list" time="0.002"></testcase><testcase classname="tests.test_tools.TestConvertToComaSeparatedList" file="tests/test_tools.py" line="61" name="test_receive_list_with_one_email_return_same_list" time="0.002"></testcase><testcase classname="tests.test_tools.TestConvertToComaSeparatedList" file="tests/test_tools.py" line="77" name="test_receive_none_return_empty_list" time="0.002"></testcase><testcase classname="tests.test_tools.TestConvertToComaSeparatedList" file="tests/test_tools.py" line="65" name="test_receive_string_with_more_than_one_address_return_a_list" time="0.002"></testcase><testcase classname="tests.test_tools.TestConvertToComaSeparatedList" file="tests/test_tools.py" line="57" name="test_receive_string_with_one_email_return_a_list" time="0.036"></testcase></testsuite></testsuites>